DROP DATABASE
CREATE DATABASE
psql:1-init_tables.sql:2: NOTICE:  table "stocks" does not exist, skipping
DROP TABLE
psql:1-init_tables.sql:3: NOTICE:  table "sumtable" does not exist, skipping
DROP TABLE
psql:1-init_tables.sql:4: NOTICE:  table "execution" does not exist, skipping
DROP TABLE
CREATE TABLE
CREATE TABLE
CREATE TABLE
CREATE PROCEDURE
CREATE PROCEDURE
CREATE PROCEDURE
CREATE PROCEDURE
UPDATE 25000
ERROR:  could not serialize access due to concurrent update
CONTEXT:  SQL statement "update stocks set s_qty=val2 where s_id=num1"
PL/pgSQL function swap(integer) line 17 at SQL statement
SQL statement "call swap(i)"
PL/pgSQL function swaptransaction(integer,text) line 11 at CALL
ERROR:  could not serialize access due to concurrent update
CONTEXT:  SQL statement "update stocks set s_qty=val2 where s_id=num1"
PL/pgSQL function swap(integer) line 17 at SQL statement
SQL statement "call swap(i)"
PL/pgSQL function swaptransaction(integer,text) line 11 at CALL
ERROR:  could not serialize access due to concurrent update
CONTEXT:  SQL statement "update stocks set s_qty=val2 where s_id=num1"
PL/pgSQL function swap(integer) line 17 at SQL statement
SQL statement "call swap(i)"
PL/pgSQL function swaptransaction(integer,text) line 11 at CALL
ERROR:  could not serialize access due to concurrent update
CONTEXT:  SQL statement "update stocks set s_qty=val2 where s_id=num1"
PL/pgSQL function swap(integer) line 17 at SQL statement
SQL statement "call swap(i)"
PL/pgSQL function swaptransaction(integer,text) line 11 at CALL
ERROR:  could not serialize access due to concurrent update
CONTEXT:  SQL statement "update stocks set s_qty=val2 where s_id=num1"
PL/pgSQL function swap(integer) line 17 at SQL statement
SQL statement "call swap(i)"
PL/pgSQL function swaptransaction(integer,text) line 11 at CALL
ERROR:  could not serialize access due to concurrent update
CONTEXT:  SQL statement "update stocks set s_qty=val2 where s_id=num1"
PL/pgSQL function swap(integer) line 17 at SQL statement
SQL statement "call swap(i)"
PL/pgSQL function swaptransaction(integer,text) line 11 at CALL
ERROR:  could not serialize access due to concurrent update
CONTEXT:  SQL statement "update stocks set s_qty=val2 where s_id=num1"
PL/pgSQL function swap(integer) line 17 at SQL statement
SQL statement "call swap(i)"
PL/pgSQL function swaptransaction(integer,text) line 11 at CALL
CALL
CALL
CALL
CALL
CALL
CALL
CALL
CALL
CALL
CALL
CALL
CALL
ERROR:  could not serialize access due to concurrent update
CONTEXT:  SQL statement "update stocks set s_qty=val2 where s_id=num1"
PL/pgSQL function swap(integer) line 17 at SQL statement
SQL statement "call swap(i)"
PL/pgSQL function swaptransaction(integer,text) line 11 at CALL
CALL
ERROR:  could not serialize access due to concurrent update
CONTEXT:  SQL statement "update stocks set s_qty=val2 where s_id=num1"
PL/pgSQL function swap(integer) line 17 at SQL statement
SQL statement "call swap(i)"
PL/pgSQL function swaptransaction(integer,text) line 11 at CALL
ERROR:  could not serialize access due to concurrent update
CONTEXT:  SQL statement "update stocks set s_qty=val2 where s_id=num1"
PL/pgSQL function swap(integer) line 17 at SQL statement
SQL statement "call swap(i)"
PL/pgSQL function swaptransaction(integer,text) line 11 at CALL
ERROR:  could not serialize access due to concurrent update
CONTEXT:  SQL statement "update stocks set s_qty=val2 where s_id=num1"
PL/pgSQL function swap(integer) line 17 at SQL statement
SQL statement "call swap(i)"
PL/pgSQL function swaptransaction(integer,text) line 11 at CALL
CALL
ERROR:  could not serialize access due to concurrent update
CONTEXT:  SQL statement "update stocks set s_qty=val2 where s_id=num1"
PL/pgSQL function swap(integer) line 17 at SQL statement
SQL statement "call swap(i)"
PL/pgSQL function swaptransaction(integer,text) line 11 at CALL
CALL
CALL
ERROR:  could not serialize access due to concurrent update
CONTEXT:  SQL statement "update stocks set s_qty=val2 where s_id=num1"
PL/pgSQL function swap(integer) line 17 at SQL statement
SQL statement "call swap(i)"
PL/pgSQL function swaptransaction(integer,text) line 11 at CALL
ERROR:  could not serialize access due to concurrent update
CONTEXT:  SQL statement "update stocks set s_qty=val2 where s_id=num1"
PL/pgSQL function swap(integer) line 17 at SQL statement
SQL statement "call swap(i)"
PL/pgSQL function swaptransaction(integer,text) line 11 at CALL
CALL
CALL
CALL
CALL
CALL
ERROR:  could not serialize access due to concurrent update
CONTEXT:  SQL statement "update stocks set s_qty=val2 where s_id=num1"
PL/pgSQL function swap(integer) line 17 at SQL statement
SQL statement "call swap(i)"
PL/pgSQL function swaptransaction(integer,text) line 11 at CALL
CALL
CALL
ERROR:  could not serialize access due to concurrent update
CONTEXT:  SQL statement "update stocks set s_qty=val2 where s_id=num1"
PL/pgSQL function swap(integer) line 17 at SQL statement
SQL statement "call swap(i)"
PL/pgSQL function swaptransaction(integer,text) line 11 at CALL
CALL
CALL
ERROR:  could not serialize access due to concurrent update
CONTEXT:  SQL statement "update stocks set s_qty=val2 where s_id=num1"
PL/pgSQL function swap(integer) line 17 at SQL statement
SQL statement "call swap(i)"
PL/pgSQL function swaptransaction(integer,text) line 11 at CALL
CALL
ERROR:  could not serialize access due to concurrent update
CONTEXT:  SQL statement "update stocks set s_qty=val2 where s_id=num1"
PL/pgSQL function swap(integer) line 17 at SQL statement
SQL statement "call swap(i)"
PL/pgSQL function swaptransaction(integer,text) line 11 at CALL
ERROR:  could not serialize access due to concurrent update
CONTEXT:  SQL statement "update stocks set s_qty=val2 where s_id=num1"
PL/pgSQL function swap(integer) line 17 at SQL statement
SQL statement "call swap(i)"
PL/pgSQL function swaptransaction(integer,text) line 11 at CALL
CALL
ERROR:  could not serialize access due to concurrent update
CONTEXT:  SQL statement "update stocks set s_qty=val2 where s_id=num1"
PL/pgSQL function swap(integer) line 17 at SQL statement
SQL statement "call swap(i)"
PL/pgSQL function swaptransaction(integer,text) line 11 at CALL
CALL
CALL
ERROR:  could not serialize access due to concurrent update
CONTEXT:  SQL statement "update stocks set s_qty=val2 where s_id=num1"
PL/pgSQL function swap(integer) line 17 at SQL statement
SQL statement "call swap(i)"
PL/pgSQL function swaptransaction(integer,text) line 11 at CALL
ERROR:  could not serialize access due to concurrent update
CONTEXT:  SQL statement "update stocks set s_qty=val2 where s_id=num1"
PL/pgSQL function swap(integer) line 17 at SQL statement
SQL statement "call swap(i)"
PL/pgSQL function swaptransaction(integer,text) line 11 at CALL
ERROR:  could not serialize access due to concurrent update
CONTEXT:  SQL statement "update stocks set s_qty=val2 where s_id=num1"
PL/pgSQL function swap(integer) line 17 at SQL statement
SQL statement "call swap(i)"
PL/pgSQL function swaptransaction(integer,text) line 11 at CALL
ERROR:  could not serialize access due to concurrent update
CONTEXT:  SQL statement "update stocks set s_qty=val2 where s_id=num1"
PL/pgSQL function swap(integer) line 17 at SQL statement
SQL statement "call swap(i)"
PL/pgSQL function swaptransaction(integer,text) line 11 at CALL
ERROR:  could not serialize access due to concurrent update
CONTEXT:  SQL statement "update stocks set s_qty=val2 where s_id=num1"
PL/pgSQL function swap(integer) line 17 at SQL statement
SQL statement "call swap(i)"
PL/pgSQL function swaptransaction(integer,text) line 11 at CALL
ERROR:  could not serialize access due to concurrent update
CONTEXT:  SQL statement "update stocks set s_qty=val2 where s_id=num1"
PL/pgSQL function swap(integer) line 17 at SQL statement
SQL statement "call swap(i)"
PL/pgSQL function swaptransaction(integer,text) line 11 at CALL
ERROR:  could not serialize access due to concurrent update
CONTEXT:  SQL statement "update stocks set s_qty=val2 where s_id=num1"
PL/pgSQL function swap(integer) line 17 at SQL statement
SQL statement "call swap(i)"
PL/pgSQL function swaptransaction(integer,text) line 11 at CALL
CALL
ERROR:  could not serialize access due to concurrent update
CONTEXT:  SQL statement "update stocks set s_qty=val2 where s_id=num1"
PL/pgSQL function swap(integer) line 17 at SQL statement
SQL statement "call swap(i)"
PL/pgSQL function swaptransaction(integer,text) line 11 at CALL
CALL
CALL
CALL
CALL
CALL
CALL
CALL
CALL
CALL
CALL
CALL
CALL
ERROR:  could not serialize access due to concurrent update
CONTEXT:  SQL statement "update stocks set s_qty=val2 where s_id=num1"
PL/pgSQL function swap(integer) line 17 at SQL statement
SQL statement "call swap(i)"
PL/pgSQL function swaptransaction(integer,text) line 11 at CALL
CALL
ERROR:  could not serialize access due to concurrent update
CONTEXT:  SQL statement "update stocks set s_qty=val2 where s_id=num1"
PL/pgSQL function swap(integer) line 17 at SQL statement
SQL statement "call swap(i)"
PL/pgSQL function swaptransaction(integer,text) line 11 at CALL
CALL
ERROR:  could not serialize access due to concurrent update
CONTEXT:  SQL statement "update stocks set s_qty=val2 where s_id=num1"
PL/pgSQL function swap(integer) line 17 at SQL statement
SQL statement "call swap(i)"
PL/pgSQL function swaptransaction(integer,text) line 11 at CALL
CALL
CALL
ERROR:  could not serialize access due to concurrent update
CONTEXT:  SQL statement "update stocks set s_qty=val2 where s_id=num1"
PL/pgSQL function swap(integer) line 17 at SQL statement
SQL statement "call swap(i)"
PL/pgSQL function swaptransaction(integer,text) line 11 at CALL
ERROR:  could not serialize access due to concurrent update
CONTEXT:  SQL statement "update stocks set s_qty=val2 where s_id=num1"
PL/pgSQL function swap(integer) line 17 at SQL statement
SQL statement "call swap(i)"
PL/pgSQL function swaptransaction(integer,text) line 11 at CALL
ERROR:  could not serialize access due to concurrent update
CONTEXT:  SQL statement "update stocks set s_qty=val2 where s_id=num1"
PL/pgSQL function swap(integer) line 17 at SQL statement
SQL statement "call swap(i)"
PL/pgSQL function swaptransaction(integer,text) line 11 at CALL
ERROR:  could not serialize access due to concurrent update
CONTEXT:  SQL statement "update stocks set s_qty=val2 where s_id=num1"
PL/pgSQL function swap(integer) line 17 at SQL statement
SQL statement "call swap(i)"
PL/pgSQL function swaptransaction(integer,text) line 11 at CALL
CALL
ERROR:  could not serialize access due to concurrent update
CONTEXT:  SQL statement "update stocks set s_qty=val2 where s_id=num1"
PL/pgSQL function swap(integer) line 17 at SQL statement
SQL statement "call swap(i)"
PL/pgSQL function swaptransaction(integer,text) line 11 at CALL
CALL
ERROR:  could not serialize access due to concurrent update
CONTEXT:  SQL statement "update stocks set s_qty=val2 where s_id=num1"
PL/pgSQL function swap(integer) line 17 at SQL statement
SQL statement "call swap(i)"
PL/pgSQL function swaptransaction(integer,text) line 11 at CALL
CALL
ERROR:  could not serialize access due to concurrent update
CONTEXT:  SQL statement "update stocks set s_qty=val2 where s_id=num1"
PL/pgSQL function swap(integer) line 17 at SQL statement
SQL statement "call swap(i)"
PL/pgSQL function swaptransaction(integer,text) line 11 at CALL
ERROR:  could not serialize access due to concurrent update
CONTEXT:  SQL statement "update stocks set s_qty=val2 where s_id=num1"
PL/pgSQL function swap(integer) line 17 at SQL statement
SQL statement "call swap(i)"
PL/pgSQL function swaptransaction(integer,text) line 11 at CALL
ERROR:  could not serialize access due to concurrent update
CONTEXT:  SQL statement "update stocks set s_qty=val2 where s_id=num1"
PL/pgSQL function swap(integer) line 17 at SQL statement
SQL statement "call swap(i)"
PL/pgSQL function swaptransaction(integer,text) line 11 at CALL
ERROR:  could not serialize access due to concurrent update
CONTEXT:  SQL statement "update stocks set s_qty=val2 where s_id=num1"
PL/pgSQL function swap(integer) line 17 at SQL statement
SQL statement "call swap(i)"
PL/pgSQL function swaptransaction(integer,text) line 11 at CALL
ERROR:  could not serialize access due to concurrent update
CONTEXT:  SQL statement "update stocks set s_qty=val2 where s_id=num1"
PL/pgSQL function swap(integer) line 17 at SQL statement
SQL statement "call swap(i)"
PL/pgSQL function swaptransaction(integer,text) line 11 at CALL
ERROR:  could not serialize access due to concurrent update
CONTEXT:  SQL statement "update stocks set s_qty=val2 where s_id=num1"
PL/pgSQL function swap(integer) line 17 at SQL statement
SQL statement "call swap(i)"
PL/pgSQL function swaptransaction(integer,text) line 11 at CALL
CALL
ERROR:  could not serialize access due to concurrent update
CONTEXT:  SQL statement "update stocks set s_qty=val2 where s_id=num1"
PL/pgSQL function swap(integer) line 17 at SQL statement
SQL statement "call swap(i)"
PL/pgSQL function swaptransaction(integer,text) line 11 at CALL
ERROR:  could not serialize access due to concurrent update
CONTEXT:  SQL statement "update stocks set s_qty=val2 where s_id=num1"
PL/pgSQL function swap(integer) line 17 at SQL statement
SQL statement "call swap(i)"
PL/pgSQL function swaptransaction(integer,text) line 11 at CALL
ERROR:  could not serialize access due to concurrent update
CONTEXT:  SQL statement "update stocks set s_qty=val2 where s_id=num1"
PL/pgSQL function swap(integer) line 17 at SQL statement
SQL statement "call swap(i)"
PL/pgSQL function swaptransaction(integer,text) line 11 at CALL
ERROR:  could not serialize access due to concurrent update
CONTEXT:  SQL statement "update stocks set s_qty=val2 where s_id=num1"
PL/pgSQL function swap(integer) line 17 at SQL statement
SQL statement "call swap(i)"
PL/pgSQL function swaptransaction(integer,text) line 11 at CALL
ERROR:  could not serialize access due to concurrent update
CONTEXT:  SQL statement "update stocks set s_qty=val2 where s_id=num1"
PL/pgSQL function swap(integer) line 17 at SQL statement
SQL statement "call swap(i)"
PL/pgSQL function swaptransaction(integer,text) line 11 at CALL
ERROR:  could not serialize access due to concurrent update
CONTEXT:  SQL statement "update stocks set s_qty=val2 where s_id=num1"
PL/pgSQL function swap(integer) line 17 at SQL statement
SQL statement "call swap(i)"
PL/pgSQL function swaptransaction(integer,text) line 11 at CALL
CALL
Gather Results for 25k-rr-100-50.output
         avg         |       stddev       
---------------------+--------------------
 10.1700000000000000 | 3.1335751035028551
(1 row)

 stddev 
--------
      0
(1 row)

 xact_commit | xact_rollback | conflicts | deadlocks 
-------------+---------------+-----------+-----------
       35274 |            49 |         0 |         0
(1 row)